Running in Lattice mode


Starting:    C:\ispLEVER_Classic2_0\synpbase\win64\mbin\synbatch.exe
Install:     C:\ispLEVER_Classic2_0\synpbase
Date:        Sun Apr 08 19:40:27 2018
Version:     I-2014.03LC 

Arguments:   -product synplify_pro  -batch c:/users/paula robles/desktop/prac_6/compuertas\Entradas.prj
ProductType: synplify_pro





log file: "C:\users\paula robles\desktop\prac_6\compuertas\Entradas.srr"

Running Entradas|compuertas

Running: Compile on Entradas|compuertas

Running: Compile Process on Entradas|compuertas

Running: Compile Input on Entradas|compuertas
Copied C:\users\paula robles\desktop\prac_6\compuertas\synwork\Entradas_comp.srs to C:\users\paula robles\desktop\prac_6\compuertas\Entradas.srs
compiler Completed
Return Code: 0
Run Time:0h:00m:06s

Running: Multi-srs Generator on Entradas|compuertas
Copied C:\users\paula robles\desktop\prac_6\compuertas\synwork\Entradas_comp.srs to C:\users\paula robles\desktop\prac_6\compuertas\synwork\Entradas_s.srs
multi_srs_gen Completed
Return Code: 0
Run Time:0h:00m:04s
Copied C:\users\paula robles\desktop\prac_6\compuertas\synwork\Entradas_mult.srs to C:\users\paula robles\desktop\prac_6\compuertas\Entradas.srs
Copied C:\users\paula robles\desktop\prac_6\compuertas\Entradas.srr to C:\users\paula robles\desktop\prac_6\compuertas\entradas.srf
Complete: Compile Process on Entradas|compuertas
Complete: Compile on Entradas|compuertas

Running: Map on Entradas|compuertas

Running: Map & Optimize on Entradas|compuertas
fpga_mapper Completed
Return Code: 0
Run Time:0h:00m:06s
Complete: Map on Entradas|compuertas
Copied C:\users\paula robles\desktop\prac_6\compuertas\Entradas.srr to C:\users\paula robles\desktop\prac_6\compuertas\entradas.srf
Complete: Logic Synthesis on Entradas|compuertas

exit status=0

exit status=0

