Design: 10:54 a.m., Lunes, 02 de Abril de 2018
Design: Opening design "C:\Documents and Settings\escom\Escritorio\Prac\vhd\deco\deco.adf"
ELBREAD: Elaboration process.
ELBREAD: Elaboration time 0.0 [s].
Compilation with file reorder...
File: C:\Documents and Settings\escom\Escritorio\Prac\vhd\deco.vhd
Compile Entity "deco"
Compile Architecture "DSMB" of Entity "deco"
Top-Level unit detected
Entity  =>   deco
Compile success 0 Errors 0 Warnings  Analysis time :  0.1 [s]
ELBREAD: Elaboration process.
ELBREAD: Elaboration time 0.0 [s].
ELBREAD: Elaboration process.
ELBREAD: Elaboration time 0.0 [s].
KERNEL: Main thread initiated.
KERNEL: Kernel process initialization phase.
ELAB2: Elaboration final pass...
ELAB2: Elaboration final pass complete - time: 0.0 [s].
KERNEL: Kernel process initialization done.
10:55 a.m., Lunes, 02 de Abril de 2018
Simulation has been initialized
Selected Top-Level: deco (DSMB)
KERNEL: stopped at time: 100 ns
KERNEL: Simulation has finished. There are no more test vectors to simulate.
KERNEL: stopped at time: 200 ns
KERNEL: Simulation has finished. There are no more test vectors to simulate.
KERNEL: stopped at time: 300 ns
KERNEL: Simulation has finished. There are no more test vectors to simulate.
Simulation has been stopped
